20:35:49 DEBUG : Logs will be stored at '/home/jack/erase/project_1/vitis_five/IDE.log'.
20:35:50 INFO  : Launching XSCT server: xsct -n  -interactive /home/jack/erase/project_1/vitis_five/temp_xsdb_launch_script.tcl
20:35:51 INFO  : Registering command handlers for Vitis TCF services
20:35:51 INFO  : Platform repository initialization has completed.
20:35:53 INFO  : XSCT server has started successfully.
20:35:53 INFO  : Successfully done setting XSCT server connection channel  
20:35:53 INFO  : plnx-install-location is set to ''
20:35:53 INFO  : Successfully done query RDI_DATADIR 
20:35:53 INFO  : Successfully done setting workspace for the tool. 
20:36:33 INFO  : Result from executing command 'getProjects': plat
20:36:33 INFO  : Result from executing command 'getPlatforms': xilinx_zcu102_base_202210_1|/tools/Xilinx/Vitis/2022.1/base_platforms/xilinx_zcu102_base_202210_1/xilinx_zcu102_base_202210_1.xpfm;xilinx_zcu102_base_dfx_202210_1|/tools/Xilinx/Vitis/2022.1/base_platforms/xilinx_zcu102_base_dfx_202210_1/xilinx_zcu102_base_dfx_202210_1.xpfm;xilinx_zcu104_base_202210_1|/tools/Xilinx/Vitis/2022.1/base_platforms/xilinx_zcu104_base_202210_1/xilinx_zcu104_base_202210_1.xpfm
20:36:40 INFO  : Result from executing command 'getProjects': plat
20:36:40 INFO  : Result from executing command 'getPlatforms': plat|/home/jack/erase/project_1/vitis_five/plat/export/plat/plat.xpfm;xilinx_zcu102_base_202210_1|/tools/Xilinx/Vitis/2022.1/base_platforms/xilinx_zcu102_base_202210_1/xilinx_zcu102_base_202210_1.xpfm;xilinx_zcu102_base_dfx_202210_1|/tools/Xilinx/Vitis/2022.1/base_platforms/xilinx_zcu102_base_dfx_202210_1/xilinx_zcu102_base_dfx_202210_1.xpfm;xilinx_zcu104_base_202210_1|/tools/Xilinx/Vitis/2022.1/base_platforms/xilinx_zcu104_base_202210_1/xilinx_zcu104_base_202210_1.xpfm
20:38:39 INFO  : Checking for BSP changes to sync application flags for project 'app'...
20:38:46 INFO  : Checking for BSP changes to sync application flags for project 'app'...
20:38:57 INFO  : Connected to target on host '127.0.0.1' and port '3121'.
20:38:57 INFO  : 'targets -set -filter {jtag_cable_name =~ "Digilent Nexys A7 -100T 210292B0F1BEA" && level==0 && jtag_device_ctx=="jsn-Nexys A7 -100T-210292B0F1BEA-13631093-0"}' command is executed.
20:38:59 INFO  : Device configured successfully with "/home/jack/erase/project_1/vitis_five/app/_ide/bitstream/design_1_wrapper.bit"
20:39:13 INFO  : Connected to target on host '127.0.0.1' and port '3121'.
20:39:13 INFO  : Jtag cable 'Digilent Nexys A7 -100T 210292B0F1BEA' is selected.
20:39:13 INFO  : 'jtag frequency' command is executed.
20:39:13 INFO  : 'targets -set -filter {jtag_cable_name =~ "Digilent Nexys A7 -100T 210292B0F1BEA" && level==0 && jtag_device_ctx=="jsn-Nexys A7 -100T-210292B0F1BEA-13631093-0"}' command is executed.
20:39:15 INFO  : Device configured successfully with "/home/jack/erase/project_1/vitis_five/app/_ide/bitstream/design_1_wrapper.bit"
20:39:15 INFO  : Context for processor 'microblaze_0' is selected.
20:39:15 INFO  : Hardware design and registers information is loaded from '/home/jack/erase/project_1/vitis_five/plat/export/plat/hw/design_1_wrapper.xsa'.
20:39:15 INFO  : 'configparams mdm-detect-bscan-mask 2' command is executed.
20:39:15 INFO  : Context for processor 'microblaze_0' is selected.
20:39:15 INFO  : System reset is completed.
20:39:18 INFO  : 'after 3000' command is executed.
20:39:18 INFO  : Context for processor 'microblaze_0' is selected.
20:39:18 INFO  : The application '/home/jack/erase/project_1/vitis_five/app/Debug/app.elf' is downloaded to processor 'microblaze_0'.
20:39:18 INFO  : ----------------XSDB Script----------------
connect -url tcp:127.0.0.1:3121
targets -set -filter {jtag_cable_name =~ "Digilent Nexys A7 -100T 210292B0F1BEA" && level==0 && jtag_device_ctx=="jsn-Nexys A7 -100T-210292B0F1BEA-13631093-0"}
fpga -file /home/jack/erase/project_1/vitis_five/app/_ide/bitstream/design_1_wrapper.bit
targets -set -nocase -filter {name =~ "*microblaze*#0" && bscan=="USER2" }
loadhw -hw /home/jack/erase/project_1/vitis_five/plat/export/plat/hw/design_1_wrapper.xsa -regs
configparams mdm-detect-bscan-mask 2
targets -set -nocase -filter {name =~ "*microblaze*#0" && bscan=="USER2" }
rst -system
after 3000
targets -set -nocase -filter {name =~ "*microblaze*#0" && bscan=="USER2" }
dow /home/jack/erase/project_1/vitis_five/app/Debug/app.elf
----------------End of Script----------------

20:39:18 INFO  : Context for processor 'microblaze_0' is selected.
20:39:18 INFO  : 'con' command is executed.
20:39:18 INFO  : ----------------XSDB Script (After Launch)----------------
targets -set -nocase -filter {name =~ "*microblaze*#0" && bscan=="USER2" }
con
----------------End of Script----------------

20:39:18 INFO  : Launch script is exported to file '/home/jack/erase/project_1/vitis_five/app_system/_ide/scripts/systemdebugger_app_system_standalone.tcl'
20:44:37 INFO  : Checking for BSP changes to sync application flags for project 'app'...
20:44:41 INFO  : Checking for BSP changes to sync application flags for project 'app'...
20:44:47 INFO  : Disconnected from the channel tcfchan#2.
20:44:47 INFO  : Connected to target on host '127.0.0.1' and port '3121'.
20:44:47 INFO  : Jtag cable 'Digilent Nexys A7 -100T 210292B0F1BEA' is selected.
20:44:47 INFO  : 'jtag frequency' command is executed.
20:44:47 INFO  : 'targets -set -filter {jtag_cable_name =~ "Digilent Nexys A7 -100T 210292B0F1BEA" && level==0 && jtag_device_ctx=="jsn-Nexys A7 -100T-210292B0F1BEA-13631093-0"}' command is executed.
20:44:49 INFO  : Device configured successfully with "/home/jack/erase/project_1/vitis_five/app/_ide/bitstream/design_1_wrapper.bit"
20:44:49 INFO  : Context for processor 'microblaze_0' is selected.
20:44:49 INFO  : Hardware design and registers information is loaded from '/home/jack/erase/project_1/vitis_five/plat/export/plat/hw/design_1_wrapper.xsa'.
20:44:49 INFO  : 'configparams mdm-detect-bscan-mask 2' command is executed.
20:44:49 INFO  : Context for processor 'microblaze_0' is selected.
20:44:49 INFO  : System reset is completed.
20:44:52 INFO  : 'after 3000' command is executed.
20:44:52 INFO  : Context for processor 'microblaze_0' is selected.
20:44:52 INFO  : The application '/home/jack/erase/project_1/vitis_five/app/Debug/app.elf' is downloaded to processor 'microblaze_0'.
20:44:52 INFO  : ----------------XSDB Script----------------
connect -url tcp:127.0.0.1:3121
targets -set -filter {jtag_cable_name =~ "Digilent Nexys A7 -100T 210292B0F1BEA" && level==0 && jtag_device_ctx=="jsn-Nexys A7 -100T-210292B0F1BEA-13631093-0"}
fpga -file /home/jack/erase/project_1/vitis_five/app/_ide/bitstream/design_1_wrapper.bit
targets -set -nocase -filter {name =~ "*microblaze*#0" && bscan=="USER2" }
loadhw -hw /home/jack/erase/project_1/vitis_five/plat/export/plat/hw/design_1_wrapper.xsa -regs
configparams mdm-detect-bscan-mask 2
targets -set -nocase -filter {name =~ "*microblaze*#0" && bscan=="USER2" }
rst -system
after 3000
targets -set -nocase -filter {name =~ "*microblaze*#0" && bscan=="USER2" }
dow /home/jack/erase/project_1/vitis_five/app/Debug/app.elf
----------------End of Script----------------

20:44:52 INFO  : Context for processor 'microblaze_0' is selected.
20:44:52 INFO  : 'con' command is executed.
20:44:52 INFO  : ----------------XSDB Script (After Launch)----------------
targets -set -nocase -filter {name =~ "*microblaze*#0" && bscan=="USER2" }
con
----------------End of Script----------------

20:44:52 INFO  : Launch script is exported to file '/home/jack/erase/project_1/vitis_five/app_system/_ide/scripts/systemdebugger_app_system_standalone.tcl'
20:55:02 INFO  : Checking for BSP changes to sync application flags for project 'app'...
20:55:07 INFO  : Checking for BSP changes to sync application flags for project 'app'...
20:55:17 INFO  : Connected to target on host '127.0.0.1' and port '3121'.
20:55:17 INFO  : Jtag cable 'Digilent Nexys A7 -100T 210292B0F1BEA' is selected.
20:55:17 INFO  : 'jtag frequency' command is executed.
20:55:17 INFO  : 'targets -set -filter {jtag_cable_name =~ "Digilent Nexys A7 -100T 210292B0F1BEA" && level==0 && jtag_device_ctx=="jsn-Nexys A7 -100T-210292B0F1BEA-13631093-0"}' command is executed.
20:55:19 INFO  : Device configured successfully with "/home/jack/erase/project_1/vitis_five/app/_ide/bitstream/design_1_wrapper.bit"
20:55:19 INFO  : Context for processor 'microblaze_0' is selected.
20:55:19 INFO  : Hardware design and registers information is loaded from '/home/jack/erase/project_1/vitis_five/plat/export/plat/hw/design_1_wrapper.xsa'.
20:55:19 INFO  : 'configparams mdm-detect-bscan-mask 2' command is executed.
20:55:19 INFO  : Context for processor 'microblaze_0' is selected.
20:55:19 INFO  : System reset is completed.
20:55:22 INFO  : 'after 3000' command is executed.
20:55:22 INFO  : Context for processor 'microblaze_0' is selected.
20:55:22 INFO  : The application '/home/jack/erase/project_1/vitis_five/app/Debug/app.elf' is downloaded to processor 'microblaze_0'.
20:55:22 INFO  : ----------------XSDB Script----------------
connect -url tcp:127.0.0.1:3121
targets -set -filter {jtag_cable_name =~ "Digilent Nexys A7 -100T 210292B0F1BEA" && level==0 && jtag_device_ctx=="jsn-Nexys A7 -100T-210292B0F1BEA-13631093-0"}
fpga -file /home/jack/erase/project_1/vitis_five/app/_ide/bitstream/design_1_wrapper.bit
targets -set -nocase -filter {name =~ "*microblaze*#0" && bscan=="USER2" }
loadhw -hw /home/jack/erase/project_1/vitis_five/plat/export/plat/hw/design_1_wrapper.xsa -regs
configparams mdm-detect-bscan-mask 2
targets -set -nocase -filter {name =~ "*microblaze*#0" && bscan=="USER2" }
rst -system
after 3000
targets -set -nocase -filter {name =~ "*microblaze*#0" && bscan=="USER2" }
dow /home/jack/erase/project_1/vitis_five/app/Debug/app.elf
----------------End of Script----------------

20:55:22 INFO  : Context for processor 'microblaze_0' is selected.
20:55:22 INFO  : 'con' command is executed.
20:55:22 INFO  : ----------------XSDB Script (After Launch)----------------
targets -set -nocase -filter {name =~ "*microblaze*#0" && bscan=="USER2" }
con
----------------End of Script----------------

20:55:22 INFO  : Launch script is exported to file '/home/jack/erase/project_1/vitis_five/app_system/_ide/scripts/debugger_app-default.tcl'
20:57:42 INFO  : Checking for BSP changes to sync application flags for project 'app'...
20:57:47 INFO  : Checking for BSP changes to sync application flags for project 'app'...
20:58:09 INFO  : Disconnected from the channel tcfchan#3.
20:58:10 INFO  : Connected to target on host '127.0.0.1' and port '3121'.
20:58:11 INFO  : Jtag cable 'Digilent Nexys A7 -100T 210292B0F1BEA' is selected.
20:58:11 INFO  : 'jtag frequency' command is executed.
20:58:11 INFO  : 'targets -set -filter {jtag_cable_name =~ "Digilent Nexys A7 -100T 210292B0F1BEA" && level==0 && jtag_device_ctx=="jsn-Nexys A7 -100T-210292B0F1BEA-13631093-0"}' command is executed.
20:58:13 INFO  : Device configured successfully with "/home/jack/erase/project_1/vitis_five/app/_ide/bitstream/design_1_wrapper.bit"
20:58:13 INFO  : Context for processor 'microblaze_0' is selected.
20:58:13 INFO  : Hardware design and registers information is loaded from '/home/jack/erase/project_1/vitis_five/plat/export/plat/hw/design_1_wrapper.xsa'.
20:58:13 INFO  : 'configparams mdm-detect-bscan-mask 2' command is executed.
20:58:13 INFO  : Context for processor 'microblaze_0' is selected.
20:58:13 INFO  : System reset is completed.
20:58:16 INFO  : 'after 3000' command is executed.
20:58:16 INFO  : Context for processor 'microblaze_0' is selected.
20:58:16 INFO  : The application '/home/jack/erase/project_1/vitis_five/app/Debug/app.elf' is downloaded to processor 'microblaze_0'.
20:58:16 INFO  : ----------------XSDB Script----------------
connect -url tcp:127.0.0.1:3121
targets -set -filter {jtag_cable_name =~ "Digilent Nexys A7 -100T 210292B0F1BEA" && level==0 && jtag_device_ctx=="jsn-Nexys A7 -100T-210292B0F1BEA-13631093-0"}
fpga -file /home/jack/erase/project_1/vitis_five/app/_ide/bitstream/design_1_wrapper.bit
targets -set -nocase -filter {name =~ "*microblaze*#0" && bscan=="USER2" }
loadhw -hw /home/jack/erase/project_1/vitis_five/plat/export/plat/hw/design_1_wrapper.xsa -regs
configparams mdm-detect-bscan-mask 2
targets -set -nocase -filter {name =~ "*microblaze*#0" && bscan=="USER2" }
rst -system
after 3000
targets -set -nocase -filter {name =~ "*microblaze*#0" && bscan=="USER2" }
dow /home/jack/erase/project_1/vitis_five/app/Debug/app.elf
----------------End of Script----------------

20:58:16 INFO  : Context for processor 'microblaze_0' is selected.
20:58:16 INFO  : 'con' command is executed.
20:58:16 INFO  : ----------------XSDB Script (After Launch)----------------
targets -set -nocase -filter {name =~ "*microblaze*#0" && bscan=="USER2" }
con
----------------End of Script----------------

20:58:16 INFO  : Launch script is exported to file '/home/jack/erase/project_1/vitis_five/app_system/_ide/scripts/debugger_app-default.tcl'
20:59:23 INFO  : Checking for BSP changes to sync application flags for project 'app'...
20:59:30 INFO  : Checking for BSP changes to sync application flags for project 'app'...
20:59:46 WARN  : channel "tcfchan#3" closed
20:59:49 INFO  : Disconnected from the channel tcfchan#4.
20:59:50 INFO  : Connected to target on host '127.0.0.1' and port '3121'.
20:59:59 INFO  : ----------------XSDB Script----------------
connect -url tcp:127.0.0.1:3121
----------------End of Script----------------

20:59:59 ERROR : Could not find FPGA device on the board for connection 'Local'.


Troubleshooting hints:
1. Check whether board is connected to system properly.
2. In case of zynq board, check whether Digilent/Xilinx cable switch settings are correct.
3. If you are using Xilinx Platform Cable USB, ensure that status LED is green.
21:00:07 INFO  : Connected to target on host '127.0.0.1' and port '3121'.
21:00:07 INFO  : Jtag cable 'Digilent Nexys A7 -100T 210292B0F1BEA' is selected.
21:00:07 INFO  : 'jtag frequency' command is executed.
21:00:07 INFO  : 'targets -set -filter {jtag_cable_name =~ "Digilent Nexys A7 -100T 210292B0F1BEA" && level==0 && jtag_device_ctx=="jsn-Nexys A7 -100T-210292B0F1BEA-13631093-0"}' command is executed.
21:00:10 INFO  : Device configured successfully with "/home/jack/erase/project_1/vitis_five/app/_ide/bitstream/design_1_wrapper.bit"
21:00:10 INFO  : Context for processor 'microblaze_0' is selected.
21:00:10 INFO  : Hardware design and registers information is loaded from '/home/jack/erase/project_1/vitis_five/plat/export/plat/hw/design_1_wrapper.xsa'.
21:00:10 INFO  : 'configparams mdm-detect-bscan-mask 2' command is executed.
21:00:10 INFO  : Context for processor 'microblaze_0' is selected.
21:00:10 INFO  : System reset is completed.
21:00:13 INFO  : 'after 3000' command is executed.
21:00:13 INFO  : Context for processor 'microblaze_0' is selected.
21:00:13 INFO  : The application '/home/jack/erase/project_1/vitis_five/app/Debug/app.elf' is downloaded to processor 'microblaze_0'.
21:00:13 INFO  : ----------------XSDB Script----------------
connect -url tcp:127.0.0.1:3121
targets -set -filter {jtag_cable_name =~ "Digilent Nexys A7 -100T 210292B0F1BEA" && level==0 && jtag_device_ctx=="jsn-Nexys A7 -100T-210292B0F1BEA-13631093-0"}
fpga -file /home/jack/erase/project_1/vitis_five/app/_ide/bitstream/design_1_wrapper.bit
targets -set -nocase -filter {name =~ "*microblaze*#0" && bscan=="USER2" }
loadhw -hw /home/jack/erase/project_1/vitis_five/plat/export/plat/hw/design_1_wrapper.xsa -regs
configparams mdm-detect-bscan-mask 2
targets -set -nocase -filter {name =~ "*microblaze*#0" && bscan=="USER2" }
rst -system
after 3000
targets -set -nocase -filter {name =~ "*microblaze*#0" && bscan=="USER2" }
dow /home/jack/erase/project_1/vitis_five/app/Debug/app.elf
----------------End of Script----------------

21:00:13 INFO  : Context for processor 'microblaze_0' is selected.
21:00:13 INFO  : 'con' command is executed.
21:00:13 INFO  : ----------------XSDB Script (After Launch)----------------
targets -set -nocase -filter {name =~ "*microblaze*#0" && bscan=="USER2" }
con
----------------End of Script----------------

21:00:13 INFO  : Launch script is exported to file '/home/jack/erase/project_1/vitis_five/app_system/_ide/scripts/systemdebugger_app_system_standalone.tcl'
21:01:25 INFO  : Checking for BSP changes to sync application flags for project 'app'...
21:01:33 INFO  : Checking for BSP changes to sync application flags for project 'app'...
21:01:43 INFO  : Disconnected from the channel tcfchan#5.
21:01:43 INFO  : Connected to target on host '127.0.0.1' and port '3121'.
21:01:43 INFO  : Jtag cable 'Digilent Nexys A7 -100T 210292B0F1BEA' is selected.
21:01:43 INFO  : 'jtag frequency' command is executed.
21:01:43 INFO  : 'targets -set -filter {jtag_cable_name =~ "Digilent Nexys A7 -100T 210292B0F1BEA" && level==0 && jtag_device_ctx=="jsn-Nexys A7 -100T-210292B0F1BEA-13631093-0"}' command is executed.
21:01:45 INFO  : Device configured successfully with "/home/jack/erase/project_1/vitis_five/app/_ide/bitstream/design_1_wrapper.bit"
21:01:45 INFO  : Context for processor 'microblaze_0' is selected.
21:01:45 INFO  : Hardware design and registers information is loaded from '/home/jack/erase/project_1/vitis_five/plat/export/plat/hw/design_1_wrapper.xsa'.
21:01:45 INFO  : 'configparams mdm-detect-bscan-mask 2' command is executed.
21:01:45 INFO  : Context for processor 'microblaze_0' is selected.
21:01:45 INFO  : System reset is completed.
21:01:48 INFO  : 'after 3000' command is executed.
21:01:48 INFO  : Context for processor 'microblaze_0' is selected.
21:01:48 INFO  : The application '/home/jack/erase/project_1/vitis_five/app/Debug/app.elf' is downloaded to processor 'microblaze_0'.
21:01:48 INFO  : ----------------XSDB Script----------------
connect -url tcp:127.0.0.1:3121
targets -set -filter {jtag_cable_name =~ "Digilent Nexys A7 -100T 210292B0F1BEA" && level==0 && jtag_device_ctx=="jsn-Nexys A7 -100T-210292B0F1BEA-13631093-0"}
fpga -file /home/jack/erase/project_1/vitis_five/app/_ide/bitstream/design_1_wrapper.bit
targets -set -nocase -filter {name =~ "*microblaze*#0" && bscan=="USER2" }
loadhw -hw /home/jack/erase/project_1/vitis_five/plat/export/plat/hw/design_1_wrapper.xsa -regs
configparams mdm-detect-bscan-mask 2
targets -set -nocase -filter {name =~ "*microblaze*#0" && bscan=="USER2" }
rst -system
after 3000
targets -set -nocase -filter {name =~ "*microblaze*#0" && bscan=="USER2" }
dow /home/jack/erase/project_1/vitis_five/app/Debug/app.elf
----------------End of Script----------------

21:01:48 INFO  : Context for processor 'microblaze_0' is selected.
21:01:48 INFO  : 'con' command is executed.
21:01:48 INFO  : ----------------XSDB Script (After Launch)----------------
targets -set -nocase -filter {name =~ "*microblaze*#0" && bscan=="USER2" }
con
----------------End of Script----------------

21:01:48 INFO  : Launch script is exported to file '/home/jack/erase/project_1/vitis_five/app_system/_ide/scripts/systemdebugger_app_system_standalone.tcl'
21:02:42 INFO  : Disconnected from the channel tcfchan#6.
