
*** Running vivado
    with args -log design_1_ilmb_bram_if_cntlr_0.vds -m64 -product Vivado -mode batch -messageDb vivado.pb -notrace -source design_1_ilmb_bram_if_cntlr_0.tcl


****** Vivado v2022.1 (64-bit)
  **** SW Build 3526262 on Mon Apr 18 15:47:01 MDT 2022
  **** IP Build 3524634 on Mon Apr 18 20:55:01 MDT 2022
    ** Copyright 1986-2022 Xilinx, Inc. All Rights Reserved.

source design_1_ilmb_bram_if_cntlr_0.tcl -notrace
INFO: [IP_Flow 19-234] Refreshing IP repositories
INFO: [IP_Flow 19-1700] Loaded user IP repository '/home/jack/mcrblz_four/myIP_four'.
INFO: [IP_Flow 19-2313] Loaded Vivado IP repository '/tools/Xilinx/Vivado/2022.1/data/ip'.
Command: synth_design -top design_1_ilmb_bram_if_cntlr_0 -part xc7a100tcsg324-1 -incremental_mode off -mode out_of_context
Starting synth_design
Attempting to get a license for feature 'Synthesis' and/or device 'xc7a100t'
INFO: [Common 17-349] Got license for feature 'Synthesis' and/or device 'xc7a100t'
INFO: [Device 21-403] Loading part xc7a100tcsg324-1
INFO: [Synth 8-7079] Multithreading enabled for synth_design using a maximum of 4 processes.
INFO: [Synth 8-7078] Launching helper process for spawning children vivado processes
INFO: [Synth 8-7075] Helper process launched with PID 3607
---------------------------------------------------------------------------------
Starting RTL Elaboration : Time (s): cpu = 00:00:03 ; elapsed = 00:00:03 . Memory (MB): peak = 2708.422 ; gain = 0.000 ; free physical = 121 ; free virtual = 1637
---------------------------------------------------------------------------------
INFO: [Synth 8-638] synthesizing module 'design_1_ilmb_bram_if_cntlr_0' [/home/jack/erase/project_1/project_1.gen/sources_1/bd/design_1/ip/design_1_ilmb_bram_if_cntlr_0/synth/design_1_ilmb_bram_if_cntlr_0.vhd:84]
	Parameter C_FAMILY bound to: artix7 - type: string 
	Parameter C_HIGHADDR bound to: 64'b0000000000000000000000000000000000000000000000000111111111111111 
	Parameter C_BASEADDR bound to: 64'b0000000000000000000000000000000000000000000000000000000000000000 
	Parameter C_NUM_LMB bound to: 1 - type: integer 
	Parameter C_MASK bound to: 64'b0000000000000000000000000000000000000000000000000000000000000000 
	Parameter C_MASK1 bound to: 64'b0000000000000000000000000000000000000000100000000000000000000000 
	Parameter C_MASK2 bound to: 64'b0000000000000000000000000000000000000000100000000000000000000000 
	Parameter C_MASK3 bound to: 64'b0000000000000000000000000000000000000000100000000000000000000000 
	Parameter C_LMB_AWIDTH bound to: 32 - type: integer 
	Parameter C_LMB_DWIDTH bound to: 32 - type: integer 
	Parameter C_LMB_PROTOCOL bound to: 0 - type: integer 
	Parameter C_ECC bound to: 0 - type: integer 
	Parameter C_INTERCONNECT bound to: 0 - type: integer 
	Parameter C_FAULT_INJECT bound to: 0 - type: integer 
	Parameter C_CE_FAILING_REGISTERS bound to: 0 - type: integer 
	Parameter C_UE_FAILING_REGISTERS bound to: 0 - type: integer 
	Parameter C_ECC_STATUS_REGISTERS bound to: 0 - type: integer 
	Parameter C_ECC_ONOFF_REGISTER bound to: 0 - type: integer 
	Parameter C_ECC_ONOFF_RESET_VALUE bound to: 1 - type: integer 
	Parameter C_CE_COUNTER_WIDTH bound to: 0 - type: integer 
	Parameter C_WRITE_ACCESS bound to: 2 - type: integer 
	Parameter C_BRAM_AWIDTH bound to: 32 - type: integer 
	Parameter C_S_AXI_CTRL_ADDR_WIDTH bound to: 32 - type: integer 
	Parameter C_S_AXI_CTRL_DATA_WIDTH bound to: 32 - type: integer 
INFO: [Synth 8-3491] module 'lmb_bram_if_cntlr' declared at '/home/jack/erase/project_1/project_1.gen/sources_1/bd/design_1/ipshared/a177/hdl/lmb_bram_if_cntlr_v4_0_vh_rfs.vhd:4514' bound to instance 'U0' of component 'lmb_bram_if_cntlr' [/home/jack/erase/project_1/project_1.gen/sources_1/bd/design_1/ip/design_1_ilmb_bram_if_cntlr_0/synth/design_1_ilmb_bram_if_cntlr_0.vhd:226]
INFO: [Synth 8-638] synthesizing module 'lmb_bram_if_cntlr' [/home/jack/erase/project_1/project_1.gen/sources_1/bd/design_1/ipshared/a177/hdl/lmb_bram_if_cntlr_v4_0_vh_rfs.vhd:4639]
	Parameter C_TARGET bound to: 2 - type: integer 
	Parameter C_BASEADDR bound to: 64'b0000000000000000000000000000000000000000000000000000000000000000 
	Parameter C_MASK bound to: 64'b0000000000000000000000000000000000000000000000000000000000000000 
	Parameter C_MASK1 bound to: 64'b0000000000000000000000000000000000000000100000000000000000000000 
	Parameter C_MASK2 bound to: 64'b0000000000000000000000000000000000000000100000000000000000000000 
	Parameter C_MASK3 bound to: 64'b0000000000000000000000000000000000000000100000000000000000000000 
	Parameter C_LMB_AWIDTH bound to: 32 - type: integer 
	Parameter C_LMB_DWIDTH bound to: 32 - type: integer 
	Parameter C_ECC_WIDTH bound to: 7 - type: integer 
	Parameter C_ECC bound to: 0 - type: integer 
	Parameter C_NUM_LMB bound to: 1 - type: integer 
	Parameter C_LMB_PROTOCOL bound to: 0 - type: integer 
INFO: [Synth 8-3491] module 'lmb_mux' declared at '/home/jack/erase/project_1/project_1.gen/sources_1/bd/design_1/ipshared/a177/hdl/lmb_bram_if_cntlr_v4_0_vh_rfs.vhd:3893' bound to instance 'lmb_mux_I' of component 'lmb_mux' [/home/jack/erase/project_1/project_1.gen/sources_1/bd/design_1/ipshared/a177/hdl/lmb_bram_if_cntlr_v4_0_vh_rfs.vhd:4908]
INFO: [Synth 8-638] synthesizing module 'lmb_mux' [/home/jack/erase/project_1/project_1.gen/sources_1/bd/design_1/ipshared/a177/hdl/lmb_bram_if_cntlr_v4_0_vh_rfs.vhd:3981]
	Parameter C_AW bound to: 32 - type: integer 
	Parameter C_BAR bound to: 64'b0000000000000000000000000000000000000000000000000000000000000000 
	Parameter C_MASK bound to: 64'b0000000000000000000000000000000000000000000000000000000000000000 
INFO: [Synth 8-3491] module 'pselect_mask' declared at '/home/jack/erase/project_1/project_1.gen/sources_1/bd/design_1/ipshared/a177/hdl/lmb_bram_if_cntlr_v4_0_vh_rfs.vhd:3476' bound to instance 'pselect_mask_lmb' of component 'pselect_mask' [/home/jack/erase/project_1/project_1.gen/sources_1/bd/design_1/ipshared/a177/hdl/lmb_bram_if_cntlr_v4_0_vh_rfs.vhd:4052]
INFO: [Synth 8-638] synthesizing module 'pselect_mask' [/home/jack/erase/project_1/project_1.gen/sources_1/bd/design_1/ipshared/a177/hdl/lmb_bram_if_cntlr_v4_0_vh_rfs.vhd:3491]
INFO: [Synth 8-256] done synthesizing module 'pselect_mask' (0#1) [/home/jack/erase/project_1/project_1.gen/sources_1/bd/design_1/ipshared/a177/hdl/lmb_bram_if_cntlr_v4_0_vh_rfs.vhd:3491]
INFO: [Synth 8-256] done synthesizing module 'lmb_mux' (0#1) [/home/jack/erase/project_1/project_1.gen/sources_1/bd/design_1/ipshared/a177/hdl/lmb_bram_if_cntlr_v4_0_vh_rfs.vhd:3981]
INFO: [Synth 8-256] done synthesizing module 'lmb_bram_if_cntlr' (0#1) [/home/jack/erase/project_1/project_1.gen/sources_1/bd/design_1/ipshared/a177/hdl/lmb_bram_if_cntlr_v4_0_vh_rfs.vhd:4639]
INFO: [Synth 8-256] done synthesizing module 'design_1_ilmb_bram_if_cntlr_0' (0#1) [/home/jack/erase/project_1/project_1.gen/sources_1/bd/design_1/ip/design_1_ilmb_bram_if_cntlr_0/synth/design_1_ilmb_bram_if_cntlr_0.vhd:84]
WARNING: [Synth 8-7129] Port A[0] in module pselect_mask is either unconnected or has no load
WARNING: [Synth 8-7129] Port A[1] in module pselect_mask is either unconnected or has no load
WARNING: [Synth 8-7129] Port A[2] in module pselect_mask is either unconnected or has no load
WARNING: [Synth 8-7129] Port A[3] in module pselect_mask is either unconnected or has no load
WARNING: [Synth 8-7129] Port A[4] in module pselect_mask is either unconnected or has no load
WARNING: [Synth 8-7129] Port A[5] in module pselect_mask is either unconnected or has no load
WARNING: [Synth 8-7129] Port A[6] in module pselect_mask is either unconnected or has no load
WARNING: [Synth 8-7129] Port A[7] in module pselect_mask is either unconnected or has no load
WARNING: [Synth 8-7129] Port A[8] in module pselect_mask is either unconnected or has no load
WARNING: [Synth 8-7129] Port A[9] in module pselect_mask is either unconnected or has no load
WARNING: [Synth 8-7129] Port A[10] in module pselect_mask is either unconnected or has no load
WARNING: [Synth 8-7129] Port A[11] in module pselect_mask is either unconnected or has no load
WARNING: [Synth 8-7129] Port A[12] in module pselect_mask is either unconnected or has no load
WARNING: [Synth 8-7129] Port A[13] in module pselect_mask is either unconnected or has no load
WARNING: [Synth 8-7129] Port A[14] in module pselect_mask is either unconnected or has no load
WARNING: [Synth 8-7129] Port A[15] in module pselect_mask is either unconnected or has no load
WARNING: [Synth 8-7129] Port A[16] in module pselect_mask is either unconnected or has no load
WARNING: [Synth 8-7129] Port A[17] in module pselect_mask is either unconnected or has no load
WARNING: [Synth 8-7129] Port A[18] in module pselect_mask is either unconnected or has no load
WARNING: [Synth 8-7129] Port A[19] in module pselect_mask is either unconnected or has no load
WARNING: [Synth 8-7129] Port A[20] in module pselect_mask is either unconnected or has no load
WARNING: [Synth 8-7129] Port A[21] in module pselect_mask is either unconnected or has no load
WARNING: [Synth 8-7129] Port A[22] in module pselect_mask is either unconnected or has no load
WARNING: [Synth 8-7129] Port A[23] in module pselect_mask is either unconnected or has no load
WARNING: [Synth 8-7129] Port A[24] in module pselect_mask is either unconnected or has no load
WARNING: [Synth 8-7129] Port A[25] in module pselect_mask is either unconnected or has no load
WARNING: [Synth 8-7129] Port A[26] in module pselect_mask is either unconnected or has no load
WARNING: [Synth 8-7129] Port A[27] in module pselect_mask is either unconnected or has no load
WARNING: [Synth 8-7129] Port A[28] in module pselect_mask is either unconnected or has no load
WARNING: [Synth 8-7129] Port A[29] in module pselect_mask is either unconnected or has no load
WARNING: [Synth 8-7129] Port A[30] in module pselect_mask is either unconnected or has no load
WARNING: [Synth 8-7129] Port A[31] in module pselect_mask is either unconnected or has no load
WARNING: [Synth 8-7129] Port LMB_Clk in module lmb_mux is either unconnected or has no load
WARNING: [Synth 8-7129] Port LMB_Rst in module lmb_mux is either unconnected or has no load
WARNING: [Synth 8-7129] Port LMB1_ABus[0] in module lmb_mux is either unconnected or has no load
WARNING: [Synth 8-7129] Port LMB1_ABus[1] in module lmb_mux is either unconnected or has no load
WARNING: [Synth 8-7129] Port LMB1_ABus[2] in module lmb_mux is either unconnected or has no load
WARNING: [Synth 8-7129] Port LMB1_ABus[3] in module lmb_mux is either unconnected or has no load
WARNING: [Synth 8-7129] Port LMB1_ABus[4] in module lmb_mux is either unconnected or has no load
WARNING: [Synth 8-7129] Port LMB1_ABus[5] in module lmb_mux is either unconnected or has no load
WARNING: [Synth 8-7129] Port LMB1_ABus[6] in module lmb_mux is either unconnected or has no load
WARNING: [Synth 8-7129] Port LMB1_ABus[7] in module lmb_mux is either unconnected or has no load
WARNING: [Synth 8-7129] Port LMB1_ABus[8] in module lmb_mux is either unconnected or has no load
WARNING: [Synth 8-7129] Port LMB1_ABus[9] in module lmb_mux is either unconnected or has no load
WARNING: [Synth 8-7129] Port LMB1_ABus[10] in module lmb_mux is either unconnected or has no load
WARNING: [Synth 8-7129] Port LMB1_ABus[11] in module lmb_mux is either unconnected or has no load
WARNING: [Synth 8-7129] Port LMB1_ABus[12] in module lmb_mux is either unconnected or has no load
WARNING: [Synth 8-7129] Port LMB1_ABus[13] in module lmb_mux is either unconnected or has no load
WARNING: [Synth 8-7129] Port LMB1_ABus[14] in module lmb_mux is either unconnected or has no load
WARNING: [Synth 8-7129] Port LMB1_ABus[15] in module lmb_mux is either unconnected or has no load
WARNING: [Synth 8-7129] Port LMB1_ABus[16] in module lmb_mux is either unconnected or has no load
WARNING: [Synth 8-7129] Port LMB1_ABus[17] in module lmb_mux is either unconnected or has no load
WARNING: [Synth 8-7129] Port LMB1_ABus[18] in module lmb_mux is either unconnected or has no load
WARNING: [Synth 8-7129] Port LMB1_ABus[19] in module lmb_mux is either unconnected or has no load
WARNING: [Synth 8-7129] Port LMB1_ABus[20] in module lmb_mux is either unconnected or has no load
WARNING: [Synth 8-7129] Port LMB1_ABus[21] in module lmb_mux is either unconnected or has no load
WARNING: [Synth 8-7129] Port LMB1_ABus[22] in module lmb_mux is either unconnected or has no load
WARNING: [Synth 8-7129] Port LMB1_ABus[23] in module lmb_mux is either unconnected or has no load
WARNING: [Synth 8-7129] Port LMB1_ABus[24] in module lmb_mux is either unconnected or has no load
WARNING: [Synth 8-7129] Port LMB1_ABus[25] in module lmb_mux is either unconnected or has no load
WARNING: [Synth 8-7129] Port LMB1_ABus[26] in module lmb_mux is either unconnected or has no load
WARNING: [Synth 8-7129] Port LMB1_ABus[27] in module lmb_mux is either unconnected or has no load
WARNING: [Synth 8-7129] Port LMB1_ABus[28] in module lmb_mux is either unconnected or has no load
WARNING: [Synth 8-7129] Port LMB1_ABus[29] in module lmb_mux is either unconnected or has no load
WARNING: [Synth 8-7129] Port LMB1_ABus[30] in module lmb_mux is either unconnected or has no load
WARNING: [Synth 8-7129] Port LMB1_ABus[31] in module lmb_mux is either unconnected or has no load
WARNING: [Synth 8-7129] Port LMB1_WriteDBus[0] in module lmb_mux is either unconnected or has no load
WARNING: [Synth 8-7129] Port LMB1_WriteDBus[1] in module lmb_mux is either unconnected or has no load
WARNING: [Synth 8-7129] Port LMB1_WriteDBus[2] in module lmb_mux is either unconnected or has no load
WARNING: [Synth 8-7129] Port LMB1_WriteDBus[3] in module lmb_mux is either unconnected or has no load
WARNING: [Synth 8-7129] Port LMB1_WriteDBus[4] in module lmb_mux is either unconnected or has no load
WARNING: [Synth 8-7129] Port LMB1_WriteDBus[5] in module lmb_mux is either unconnected or has no load
WARNING: [Synth 8-7129] Port LMB1_WriteDBus[6] in module lmb_mux is either unconnected or has no load
WARNING: [Synth 8-7129] Port LMB1_WriteDBus[7] in module lmb_mux is either unconnected or has no load
WARNING: [Synth 8-7129] Port LMB1_WriteDBus[8] in module lmb_mux is either unconnected or has no load
WARNING: [Synth 8-7129] Port LMB1_WriteDBus[9] in module lmb_mux is either unconnected or has no load
WARNING: [Synth 8-7129] Port LMB1_WriteDBus[10] in module lmb_mux is either unconnected or has no load
WARNING: [Synth 8-7129] Port LMB1_WriteDBus[11] in module lmb_mux is either unconnected or has no load
WARNING: [Synth 8-7129] Port LMB1_WriteDBus[12] in module lmb_mux is either unconnected or has no load
WARNING: [Synth 8-7129] Port LMB1_WriteDBus[13] in module lmb_mux is either unconnected or has no load
WARNING: [Synth 8-7129] Port LMB1_WriteDBus[14] in module lmb_mux is either unconnected or has no load
WARNING: [Synth 8-7129] Port LMB1_WriteDBus[15] in module lmb_mux is either unconnected or has no load
WARNING: [Synth 8-7129] Port LMB1_WriteDBus[16] in module lmb_mux is either unconnected or has no load
WARNING: [Synth 8-7129] Port LMB1_WriteDBus[17] in module lmb_mux is either unconnected or has no load
WARNING: [Synth 8-7129] Port LMB1_WriteDBus[18] in module lmb_mux is either unconnected or has no load
WARNING: [Synth 8-7129] Port LMB1_WriteDBus[19] in module lmb_mux is either unconnected or has no load
WARNING: [Synth 8-7129] Port LMB1_WriteDBus[20] in module lmb_mux is either unconnected or has no load
WARNING: [Synth 8-7129] Port LMB1_WriteDBus[21] in module lmb_mux is either unconnected or has no load
WARNING: [Synth 8-7129] Port LMB1_WriteDBus[22] in module lmb_mux is either unconnected or has no load
WARNING: [Synth 8-7129] Port LMB1_WriteDBus[23] in module lmb_mux is either unconnected or has no load
WARNING: [Synth 8-7129] Port LMB1_WriteDBus[24] in module lmb_mux is either unconnected or has no load
WARNING: [Synth 8-7129] Port LMB1_WriteDBus[25] in module lmb_mux is either unconnected or has no load
WARNING: [Synth 8-7129] Port LMB1_WriteDBus[26] in module lmb_mux is either unconnected or has no load
WARNING: [Synth 8-7129] Port LMB1_WriteDBus[27] in module lmb_mux is either unconnected or has no load
WARNING: [Synth 8-7129] Port LMB1_WriteDBus[28] in module lmb_mux is either unconnected or has no load
WARNING: [Synth 8-7129] Port LMB1_WriteDBus[29] in module lmb_mux is either unconnected or has no load
WARNING: [Synth 8-7129] Port LMB1_WriteDBus[30] in module lmb_mux is either unconnected or has no load
WARNING: [Synth 8-7129] Port LMB1_WriteDBus[31] in module lmb_mux is either unconnected or has no load
WARNING: [Synth 8-7129] Port LMB1_AddrStrobe in module lmb_mux is either unconnected or has no load
WARNING: [Synth 8-7129] Port LMB1_ReadStrobe in module lmb_mux is either unconnected or has no load
INFO: [Common 17-14] Message 'Synth 8-7129' appears 100 times and further instances of the messages will be disabled. Use the Tcl command set_msg_config to change the current settings.
---------------------------------------------------------------------------------
Finished RTL Elaboration : Time (s): cpu = 00:00:04 ; elapsed = 00:00:04 . Memory (MB): peak = 2708.422 ; gain = 0.000 ; free physical = 1198 ; free virtual = 2629
---------------------------------------------------------------------------------
---------------------------------------------------------------------------------
Start Handling Custom Attributes
---------------------------------------------------------------------------------
---------------------------------------------------------------------------------
Finished Handling Custom Attributes : Time (s): cpu = 00:00:04 ; elapsed = 00:00:04 . Memory (MB): peak = 2708.422 ; gain = 0.000 ; free physical = 1242 ; free virtual = 2675
---------------------------------------------------------------------------------
---------------------------------------------------------------------------------
Finished RTL Optimization Phase 1 : Time (s): cpu = 00:00:04 ; elapsed = 00:00:04 . Memory (MB): peak = 2708.422 ; gain = 0.000 ; free physical = 1242 ; free virtual = 2675
---------------------------------------------------------------------------------
Netlist sorting complete. Time (s): cpu = 00:00:00 ; elapsed = 00:00:00.01 . Memory (MB): peak = 2708.422 ; gain = 0.000 ; free physical = 1244 ; free virtual = 2679
INFO: [Project 1-570] Preparing netlist for logic optimization

Processing XDC Constraints
Initializing timing engine
Parsing XDC File [/home/jack/erase/project_1/project_1.gen/sources_1/bd/design_1/ip/design_1_ilmb_bram_if_cntlr_0/design_1_ilmb_bram_if_cntlr_0_ooc.xdc] for cell 'U0'
Finished Parsing XDC File [/home/jack/erase/project_1/project_1.gen/sources_1/bd/design_1/ip/design_1_ilmb_bram_if_cntlr_0/design_1_ilmb_bram_if_cntlr_0_ooc.xdc] for cell 'U0'
Parsing XDC File [/home/jack/erase/project_1/project_1.runs/design_1_ilmb_bram_if_cntlr_0_synth_1/dont_touch.xdc]
Finished Parsing XDC File [/home/jack/erase/project_1/project_1.runs/design_1_ilmb_bram_if_cntlr_0_synth_1/dont_touch.xdc]
Completed Processing XDC Constraints

Netlist sorting complete. Time (s): cpu = 00:00:00 ; elapsed = 00:00:00 . Memory (MB): peak = 2772.453 ; gain = 0.000 ; free physical = 1110 ; free virtual = 2549
INFO: [Project 1-111] Unisim Transformation Summary:
No Unisim elements were transformed.

Constraint Validation Runtime : Time (s): cpu = 00:00:00.01 ; elapsed = 00:00:00.01 . Memory (MB): peak = 2772.453 ; gain = 0.000 ; free physical = 1110 ; free virtual = 2549
INFO: [Designutils 20-5008] Incremental synthesis strategy off
---------------------------------------------------------------------------------
Finished Constraint Validation : Time (s): cpu = 00:00:08 ; elapsed = 00:00:09 . Memory (MB): peak = 2772.453 ; gain = 64.031 ; free physical = 1443 ; free virtual = 2898
---------------------------------------------------------------------------------
---------------------------------------------------------------------------------
Start Loading Part and Timing Information
---------------------------------------------------------------------------------
Loading part: xc7a100tcsg324-1
---------------------------------------------------------------------------------
Finished Loading Part and Timing Information : Time (s): cpu = 00:00:08 ; elapsed = 00:00:09 . Memory (MB): peak = 2772.453 ; gain = 64.031 ; free physical = 1443 ; free virtual = 2898
---------------------------------------------------------------------------------
---------------------------------------------------------------------------------
Start Applying 'set_property' XDC Constraints
---------------------------------------------------------------------------------
Applied set_property KEEP_HIERARCHY = SOFT for U0. (constraint file  /home/jack/erase/project_1/project_1.runs/design_1_ilmb_bram_if_cntlr_0_synth_1/dont_touch.xdc, line 9).
---------------------------------------------------------------------------------
Finished applying 'set_property' XDC Constraints : Time (s): cpu = 00:00:08 ; elapsed = 00:00:09 . Memory (MB): peak = 2772.453 ; gain = 64.031 ; free physical = 1443 ; free virtual = 2898
---------------------------------------------------------------------------------
---------------------------------------------------------------------------------
Finished RTL Optimization Phase 2 : Time (s): cpu = 00:00:08 ; elapsed = 00:00:09 . Memory (MB): peak = 2772.453 ; gain = 64.031 ; free physical = 1452 ; free virtual = 2909
---------------------------------------------------------------------------------
---------------------------------------------------------------------------------
Start RTL Component Statistics 
---------------------------------------------------------------------------------
Detailed RTL Component Info : 
+---Registers : 
	                1 Bit    Registers := 2     
---------------------------------------------------------------------------------
Finished RTL Component Statistics 
---------------------------------------------------------------------------------
---------------------------------------------------------------------------------
Start Part Resource Summary
---------------------------------------------------------------------------------
Part Resources:
DSPs: 240 (col length:80)
BRAMs: 270 (col length: RAMB18 80 RAMB36 40)
---------------------------------------------------------------------------------
Finished Part Resource Summary
---------------------------------------------------------------------------------
---------------------------------------------------------------------------------
Start Cross Boundary and Area Optimization
---------------------------------------------------------------------------------
WARNING: [Synth 8-7080] Parallel synthesis criteria is not met
---------------------------------------------------------------------------------
Finished Cross Boundary and Area Optimization : Time (s): cpu = 00:00:09 ; elapsed = 00:00:10 . Memory (MB): peak = 2772.453 ; gain = 64.031 ; free physical = 1444 ; free virtual = 2905
---------------------------------------------------------------------------------
---------------------------------------------------------------------------------
Start Applying XDC Timing Constraints
---------------------------------------------------------------------------------
---------------------------------------------------------------------------------
Finished Applying XDC Timing Constraints : Time (s): cpu = 00:00:12 ; elapsed = 00:00:13 . Memory (MB): peak = 2772.453 ; gain = 64.031 ; free physical = 2209 ; free virtual = 3740
---------------------------------------------------------------------------------
---------------------------------------------------------------------------------
Start Timing Optimization
---------------------------------------------------------------------------------
---------------------------------------------------------------------------------
Finished Timing Optimization : Time (s): cpu = 00:00:12 ; elapsed = 00:00:13 . Memory (MB): peak = 2772.453 ; gain = 64.031 ; free physical = 2209 ; free virtual = 3740
---------------------------------------------------------------------------------
---------------------------------------------------------------------------------
Start Technology Mapping
---------------------------------------------------------------------------------
---------------------------------------------------------------------------------
Finished Technology Mapping : Time (s): cpu = 00:00:12 ; elapsed = 00:00:13 . Memory (MB): peak = 2772.453 ; gain = 64.031 ; free physical = 2204 ; free virtual = 3735
---------------------------------------------------------------------------------
---------------------------------------------------------------------------------
Start IO Insertion
---------------------------------------------------------------------------------
---------------------------------------------------------------------------------
Start Flattening Before IO Insertion
---------------------------------------------------------------------------------
---------------------------------------------------------------------------------
Finished Flattening Before IO Insertion
---------------------------------------------------------------------------------
---------------------------------------------------------------------------------
Start Final Netlist Cleanup
---------------------------------------------------------------------------------
---------------------------------------------------------------------------------
Finished Final Netlist Cleanup
---------------------------------------------------------------------------------
---------------------------------------------------------------------------------
Finished IO Insertion : Time (s): cpu = 00:00:15 ; elapsed = 00:00:15 . Memory (MB): peak = 2772.453 ; gain = 64.031 ; free physical = 1019 ; free virtual = 2610
---------------------------------------------------------------------------------
---------------------------------------------------------------------------------
Start Renaming Generated Instances
---------------------------------------------------------------------------------
---------------------------------------------------------------------------------
Finished Renaming Generated Instances : Time (s): cpu = 00:00:15 ; elapsed = 00:00:15 . Memory (MB): peak = 2772.453 ; gain = 64.031 ; free physical = 1018 ; free virtual = 2609
---------------------------------------------------------------------------------
---------------------------------------------------------------------------------
Start Rebuilding User Hierarchy
---------------------------------------------------------------------------------
---------------------------------------------------------------------------------
Finished Rebuilding User Hierarchy : Time (s): cpu = 00:00:15 ; elapsed = 00:00:15 . Memory (MB): peak = 2772.453 ; gain = 64.031 ; free physical = 1015 ; free virtual = 2606
---------------------------------------------------------------------------------
---------------------------------------------------------------------------------
Start Renaming Generated Ports
---------------------------------------------------------------------------------
---------------------------------------------------------------------------------
Finished Renaming Generated Ports : Time (s): cpu = 00:00:15 ; elapsed = 00:00:15 . Memory (MB): peak = 2772.453 ; gain = 64.031 ; free physical = 1014 ; free virtual = 2605
---------------------------------------------------------------------------------
---------------------------------------------------------------------------------
Start Handling Custom Attributes
---------------------------------------------------------------------------------
---------------------------------------------------------------------------------
Finished Handling Custom Attributes : Time (s): cpu = 00:00:15 ; elapsed = 00:00:15 . Memory (MB): peak = 2772.453 ; gain = 64.031 ; free physical = 1012 ; free virtual = 2604
---------------------------------------------------------------------------------
---------------------------------------------------------------------------------
Start Renaming Generated Nets
---------------------------------------------------------------------------------
---------------------------------------------------------------------------------
Finished Renaming Generated Nets : Time (s): cpu = 00:00:15 ; elapsed = 00:00:15 . Memory (MB): peak = 2772.453 ; gain = 64.031 ; free physical = 1011 ; free virtual = 2602
---------------------------------------------------------------------------------
---------------------------------------------------------------------------------
Start Writing Synthesis Report
---------------------------------------------------------------------------------

Report BlackBoxes: 
+-+--------------+----------+
| |BlackBox name |Instances |
+-+--------------+----------+
+-+--------------+----------+

Report Cell Usage: 
+------+-----+------+
|      |Cell |Count |
+------+-----+------+
|1     |LUT1 |     1|
|2     |LUT2 |     6|
|3     |FDRE |     2|
+------+-----+------+
---------------------------------------------------------------------------------
Finished Writing Synthesis Report : Time (s): cpu = 00:00:15 ; elapsed = 00:00:15 . Memory (MB): peak = 2772.453 ; gain = 64.031 ; free physical = 1009 ; free virtual = 2601
---------------------------------------------------------------------------------
Synthesis finished with 0 errors, 0 critical warnings and 322 warnings.
Synthesis Optimization Runtime : Time (s): cpu = 00:00:13 ; elapsed = 00:00:14 . Memory (MB): peak = 2772.453 ; gain = 0.000 ; free physical = 945 ; free virtual = 2540
Synthesis Optimization Complete : Time (s): cpu = 00:00:15 ; elapsed = 00:00:15 . Memory (MB): peak = 2772.453 ; gain = 64.031 ; free physical = 945 ; free virtual = 2540
INFO: [Project 1-571] Translating synthesized netlist
Netlist sorting complete. Time (s): cpu = 00:00:00 ; elapsed = 00:00:00.01 . Memory (MB): peak = 2772.453 ; gain = 0.000 ; free physical = 1035 ; free virtual = 2632
INFO: [Project 1-570] Preparing netlist for logic optimization
INFO: [Opt 31-138] Pushed 0 inverter(s) to 0 load pin(s).
Netlist sorting complete. Time (s): cpu = 00:00:00 ; elapsed = 00:00:00 . Memory (MB): peak = 2772.453 ; gain = 0.000 ; free physical = 913 ; free virtual = 2520
INFO: [Project 1-111] Unisim Transformation Summary:
No Unisim elements were transformed.

Synth Design complete, checksum: b8e88b91
INFO: [Common 17-83] Releasing license: Synthesis
28 Infos, 101 Warnings, 0 Critical Warnings and 0 Errors encountered.
synth_design completed successfully
synth_design: Time (s): cpu = 00:00:21 ; elapsed = 00:00:18 . Memory (MB): peak = 2772.453 ; gain = 64.031 ; free physical = 1093 ; free virtual = 2704
INFO: [Common 17-1381] The checkpoint '/home/jack/erase/project_1/project_1.runs/design_1_ilmb_bram_if_cntlr_0_synth_1/design_1_ilmb_bram_if_cntlr_0.dcp' has been generated.
INFO: [Coretcl 2-1648] Added synthesis output to IP cache for IP design_1_ilmb_bram_if_cntlr_0, cache-ID = 3a56655338dd8b24
INFO: [Common 17-1381] The checkpoint '/home/jack/erase/project_1/project_1.runs/design_1_ilmb_bram_if_cntlr_0_synth_1/design_1_ilmb_bram_if_cntlr_0.dcp' has been generated.
INFO: [runtcl-4] Executing : report_utilization -file design_1_ilmb_bram_if_cntlr_0_utilization_synth.rpt -pb design_1_ilmb_bram_if_cntlr_0_utilization_synth.pb
INFO: [Common 17-206] Exiting Vivado at Mon Mar 13 20:23:34 2023...
